0 info it worked if it ends with ok
1 verbose cli [ 'node', '/usr/local/bin/npm', 'install' ]
2 info using npm@1.4.28
3 info using node@v0.10.33
4 warn package.json haitao-b2c-web@ No repository field.
5 verbose readDependencies using package.json deps
6 verbose install where, deps [ '/Users/jiyanliang/haitao-b2c-h5',
6 verbose install   [ 'grunt-contrib-requirejs',
6 verbose install     'grunt-strip',
6 verbose install     'apache-server-configs',
6 verbose install     'grunt',
6 verbose install     'grunt-autoprefixer',
6 verbose install     'grunt-concurrent',
6 verbose install     'grunt-contrib-clean',
6 verbose install     'grunt-contrib-concat',
6 verbose install     'grunt-contrib-connect',
6 verbose install     'grunt-contrib-copy',
6 verbose install     'grunt-contrib-cssmin',
6 verbose install     'grunt-contrib-htmlmin',
6 verbose install     'grunt-contrib-imagemin',
6 verbose install     'grunt-contrib-jshint',
6 verbose install     'grunt-contrib-uglify',
6 verbose install     'grunt-contrib-watch',
6 verbose install     'grunt-mocha',
6 verbose install     'grunt-newer',
6 verbose install     'grunt-rev',
6 verbose install     'grunt-svgmin',
6 verbose install     'grunt-usemin',
6 verbose install     'grunt-wiredep',
6 verbose install     'jshint-stylish',
6 verbose install     'load-grunt-tasks',
6 verbose install     'time-grunt',
6 verbose install     'mustache',
6 verbose install     'request',
6 verbose install     'underscore' ] ]
7 info preinstall haitao-b2c-web@
8 verbose readDependencies using package.json deps
9 verbose already installed skipping grunt-contrib-requirejs@^0.4.4 /Users/jiyanliang/haitao-b2c-h5
10 verbose already installed skipping grunt-strip@^0.2.1 /Users/jiyanliang/haitao-b2c-h5
11 verbose already installed skipping apache-server-configs@^2.7.1 /Users/jiyanliang/haitao-b2c-h5
12 verbose already installed skipping grunt@^0.4.5 /Users/jiyanliang/haitao-b2c-h5
13 verbose already installed skipping grunt-autoprefixer@^1.0.0 /Users/jiyanliang/haitao-b2c-h5
14 verbose already installed skipping grunt-concurrent@^0.5.0 /Users/jiyanliang/haitao-b2c-h5
15 verbose already installed skipping grunt-contrib-clean@^0.6.0 /Users/jiyanliang/haitao-b2c-h5
16 verbose already installed skipping grunt-contrib-concat@^0.5.0 /Users/jiyanliang/haitao-b2c-h5
17 verbose already installed skipping grunt-contrib-connect@^0.8.0 /Users/jiyanliang/haitao-b2c-h5
18 verbose already installed skipping grunt-contrib-copy@^0.5.0 /Users/jiyanliang/haitao-b2c-h5
19 verbose already installed skipping grunt-contrib-cssmin@^0.10.0 /Users/jiyanliang/haitao-b2c-h5
20 verbose already installed skipping grunt-contrib-htmlmin@^0.3.0 /Users/jiyanliang/haitao-b2c-h5
21 verbose already installed skipping grunt-contrib-imagemin@^0.8.0 /Users/jiyanliang/haitao-b2c-h5
22 verbose already installed skipping grunt-contrib-jshint@^0.10.0 /Users/jiyanliang/haitao-b2c-h5
23 verbose already installed skipping grunt-contrib-uglify@^0.5.1 /Users/jiyanliang/haitao-b2c-h5
24 verbose already installed skipping grunt-contrib-watch@^0.6.1 /Users/jiyanliang/haitao-b2c-h5
25 verbose already installed skipping grunt-mocha@^0.4.10 /Users/jiyanliang/haitao-b2c-h5
26 verbose already installed skipping grunt-newer@^0.7.0 /Users/jiyanliang/haitao-b2c-h5
27 verbose already installed skipping grunt-rev@^0.1.0 /Users/jiyanliang/haitao-b2c-h5
28 verbose already installed skipping grunt-svgmin@^0.4.0 /Users/jiyanliang/haitao-b2c-h5
29 verbose already installed skipping grunt-usemin@^2.3.0 /Users/jiyanliang/haitao-b2c-h5
30 verbose already installed skipping grunt-wiredep@^1.7.0 /Users/jiyanliang/haitao-b2c-h5
31 verbose already installed skipping jshint-stylish@^0.4.0 /Users/jiyanliang/haitao-b2c-h5
32 verbose already installed skipping load-grunt-tasks@^0.4.0 /Users/jiyanliang/haitao-b2c-h5
33 verbose already installed skipping time-grunt@^0.4.0 /Users/jiyanliang/haitao-b2c-h5
34 verbose cache add [ 'mustache@^1.0.0', null ]
35 verbose cache add name=undefined spec="mustache@^1.0.0" args=["mustache@^1.0.0",null]
36 verbose parsed url { protocol: null,
36 verbose parsed url   slashes: null,
36 verbose parsed url   auth: null,
36 verbose parsed url   host: null,
36 verbose parsed url   port: null,
36 verbose parsed url   hostname: null,
36 verbose parsed url   hash: null,
36 verbose parsed url   search: null,
36 verbose parsed url   query: null,
36 verbose parsed url   pathname: 'mustache@^1.0.0',
36 verbose parsed url   path: 'mustache@^1.0.0',
36 verbose parsed url   href: 'mustache@^1.0.0' }
37 verbose cache add [ 'request@^2.51.0', null ]
38 verbose cache add name=undefined spec="request@^2.51.0" args=["request@^2.51.0",null]
39 verbose parsed url { protocol: null,
39 verbose parsed url   slashes: null,
39 verbose parsed url   auth: null,
39 verbose parsed url   host: null,
39 verbose parsed url   port: null,
39 verbose parsed url   hostname: null,
39 verbose parsed url   hash: null,
39 verbose parsed url   search: null,
39 verbose parsed url   query: null,
39 verbose parsed url   pathname: 'request@^2.51.0',
39 verbose parsed url   path: 'request@^2.51.0',
39 verbose parsed url   href: 'request@^2.51.0' }
40 verbose cache add [ 'underscore@^1.7.0', null ]
41 verbose cache add name=undefined spec="underscore@^1.7.0" args=["underscore@^1.7.0",null]
42 verbose parsed url { protocol: null,
42 verbose parsed url   slashes: null,
42 verbose parsed url   auth: null,
42 verbose parsed url   host: null,
42 verbose parsed url   port: null,
42 verbose parsed url   hostname: null,
42 verbose parsed url   hash: null,
42 verbose parsed url   search: null,
42 verbose parsed url   query: null,
42 verbose parsed url   pathname: 'underscore@^1.7.0',
42 verbose parsed url   path: 'underscore@^1.7.0',
42 verbose parsed url   href: 'underscore@^1.7.0' }
43 verbose cache add name="mustache" spec="^1.0.0" args=["mustache","^1.0.0"]
44 verbose parsed url { protocol: null,
44 verbose parsed url   slashes: null,
44 verbose parsed url   auth: null,
44 verbose parsed url   host: null,
44 verbose parsed url   port: null,
44 verbose parsed url   hostname: null,
44 verbose parsed url   hash: null,
44 verbose parsed url   search: null,
44 verbose parsed url   query: null,
44 verbose parsed url   pathname: '^1.0.0',
44 verbose parsed url   path: '^1.0.0',
44 verbose parsed url   href: '^1.0.0' }
45 verbose addNamed [ 'mustache', '^1.0.0' ]
46 verbose addNamed [ null, '>=1.0.0-0 <2.0.0-0' ]
47 verbose cache add name="request" spec="^2.51.0" args=["request","^2.51.0"]
48 verbose parsed url { protocol: null,
48 verbose parsed url   slashes: null,
48 verbose parsed url   auth: null,
48 verbose parsed url   host: null,
48 verbose parsed url   port: null,
48 verbose parsed url   hostname: null,
48 verbose parsed url   hash: null,
48 verbose parsed url   search: null,
48 verbose parsed url   query: null,
48 verbose parsed url   pathname: '^2.51.0',
48 verbose parsed url   path: '^2.51.0',
48 verbose parsed url   href: '^2.51.0' }
49 verbose addNamed [ 'request', '^2.51.0' ]
50 verbose addNamed [ null, '>=2.51.0-0 <3.0.0-0' ]
51 verbose cache add name="underscore" spec="^1.7.0" args=["underscore","^1.7.0"]
52 verbose parsed url { protocol: null,
52 verbose parsed url   slashes: null,
52 verbose parsed url   auth: null,
52 verbose parsed url   host: null,
52 verbose parsed url   port: null,
52 verbose parsed url   hostname: null,
52 verbose parsed url   hash: null,
52 verbose parsed url   search: null,
52 verbose parsed url   query: null,
52 verbose parsed url   pathname: '^1.7.0',
52 verbose parsed url   path: '^1.7.0',
52 verbose parsed url   href: '^1.7.0' }
53 verbose addNamed [ 'underscore', '^1.7.0' ]
54 verbose addNamed [ null, '>=1.7.0-0 <2.0.0-0' ]
55 silly lockFile 47200959-mustache-1-0-0 mustache@^1.0.0
56 verbose lock mustache@^1.0.0 /Users/jiyanliang/.npm/47200959-mustache-1-0-0.lock
57 silly lockFile 760a03cb-request-2-51-0 request@^2.51.0
58 verbose lock request@^2.51.0 /Users/jiyanliang/.npm/760a03cb-request-2-51-0.lock
59 silly lockFile efdc3de9-underscore-1-7-0 underscore@^1.7.0
60 verbose lock underscore@^1.7.0 /Users/jiyanliang/.npm/efdc3de9-underscore-1-7-0.lock
61 silly addNameRange { name: 'underscore',
61 silly addNameRange   range: '>=1.7.0-0 <2.0.0-0',
61 silly addNameRange   hasData: false }
62 silly addNameRange { name: 'mustache', range: '>=1.0.0-0 <2.0.0-0', hasData: false }
63 silly addNameRange { name: 'request', range: '>=2.51.0-0 <3.0.0-0', hasData: false }
64 verbose request where is /underscore
65 verbose request registry https://registry.npmjs.org/
66 verbose request id 5e5b8b7741c9f834
67 verbose url raw /underscore
68 verbose url resolving [ 'https://registry.npmjs.org/', './underscore' ]
69 verbose url resolved https://registry.npmjs.org/underscore
70 verbose request where is https://registry.npmjs.org/underscore
71 info trying registry request attempt 1 at 14:13:43
72 verbose etag "20IO9OQJQE0QKOXYTIHPBZ1SU"
73 http GET https://registry.npmjs.org/underscore
74 verbose request where is /mustache
75 verbose request registry https://registry.npmjs.org/
76 verbose url raw /mustache
77 verbose url resolving [ 'https://registry.npmjs.org/', './mustache' ]
78 verbose url resolved https://registry.npmjs.org/mustache
79 verbose request where is https://registry.npmjs.org/mustache
80 info trying registry request attempt 1 at 14:13:43
81 verbose etag "24KS56D5FHCZ8XJZIFV44HQBC"
82 http GET https://registry.npmjs.org/mustache
83 verbose request where is /request
84 verbose request registry https://registry.npmjs.org/
85 verbose url raw /request
86 verbose url resolving [ 'https://registry.npmjs.org/', './request' ]
87 verbose url resolved https://registry.npmjs.org/request
88 verbose request where is https://registry.npmjs.org/request
89 info trying registry request attempt 1 at 14:13:43
90 verbose etag "1FDA6H8VXAOIG8HY4GG681UPW"
91 http GET https://registry.npmjs.org/request
92 http 200 https://registry.npmjs.org/underscore
93 silly registry.get cb [ 200,
93 silly registry.get   { date: 'Thu, 05 Feb 2015 06:13:52 GMT',
93 silly registry.get     server: 'CouchDB/1.5.0 (Erlang OTP/R16B03)',
93 silly registry.get     etag: '"4L7DMSWPPTC886A75UHH1NY0C"',
93 silly registry.get     'content-type': 'application/json',
93 silly registry.get     'cache-control': 'max-age=60',
93 silly registry.get     'content-length': '33835',
93 silly registry.get     'accept-ranges': 'bytes',
93 silly registry.get     via: '1.1 varnish',
93 silly registry.get     age: '26',
93 silly registry.get     'x-served-by': 'cache-ty66-TYO',
93 silly registry.get     'x-cache': 'HIT',
93 silly registry.get     'x-cache-hits': '21',
93 silly registry.get     'x-timer': 'S1423116832.546750,VS0,VE0',
93 silly registry.get     vary: 'Accept',
93 silly registry.get     'keep-alive': 'timeout=10, max=50',
93 silly registry.get     connection: 'Keep-Alive' } ]
94 silly addNameRange number 2 { name: 'underscore',
94 silly addNameRange   range: '>=1.7.0-0 <2.0.0-0',
94 silly addNameRange   hasData: true }
95 silly addNameRange versions [ 'underscore',
95 silly addNameRange   [ '1.0.3',
95 silly addNameRange     '1.0.4',
95 silly addNameRange     '1.1.0',
95 silly addNameRange     '1.1.1',
95 silly addNameRange     '1.1.2',
95 silly addNameRange     '1.1.3',
95 silly addNameRange     '1.1.4',
95 silly addNameRange     '1.1.5',
95 silly addNameRange     '1.1.6',
95 silly addNameRange     '1.1.7',
95 silly addNameRange     '1.2.0',
95 silly addNameRange     '1.2.1',
95 silly addNameRange     '1.2.2',
95 silly addNameRange     '1.2.3',
95 silly addNameRange     '1.2.4',
95 silly addNameRange     '1.3.0',
95 silly addNameRange     '1.3.1',
95 silly addNameRange     '1.3.2',
95 silly addNameRange     '1.3.3',
95 silly addNameRange     '1.4.0',
95 silly addNameRange     '1.4.1',
95 silly addNameRange     '1.4.2',
95 silly addNameRange     '1.4.3',
95 silly addNameRange     '1.4.4',
95 silly addNameRange     '1.5.0',
95 silly addNameRange     '1.5.1',
95 silly addNameRange     '1.5.2',
95 silly addNameRange     '1.6.0',
95 silly addNameRange     '1.7.0' ] ]
96 verbose addNamed [ 'underscore', '1.7.0' ]
97 verbose addNamed [ '1.7.0', '1.7.0' ]
98 silly lockFile 900da168-underscore-1-7-0 underscore@1.7.0
99 verbose lock underscore@1.7.0 /Users/jiyanliang/.npm/900da168-underscore-1-7-0.lock
100 silly lockFile 900da168-underscore-1-7-0 underscore@1.7.0
101 silly lockFile 900da168-underscore-1-7-0 underscore@1.7.0
102 silly lockFile efdc3de9-underscore-1-7-0 underscore@^1.7.0
103 silly lockFile efdc3de9-underscore-1-7-0 underscore@^1.7.0
104 http 200 https://registry.npmjs.org/request
105 silly registry.get cb [ 200,
105 silly registry.get   { date: 'Thu, 05 Feb 2015 06:13:52 GMT',
105 silly registry.get     server: 'CouchDB/1.5.0 (Erlang OTP/R16B03)',
105 silly registry.get     etag: '"7CSB88JFF9ES5FUTIO7EAYIWH"',
105 silly registry.get     'content-type': 'application/json',
105 silly registry.get     'cache-control': 'max-age=60',
105 silly registry.get     'content-length': '139884',
105 silly registry.get     'accept-ranges': 'bytes',
105 silly registry.get     via: '1.1 varnish',
105 silly registry.get     age: '19',
105 silly registry.get     'x-served-by': 'cache-ty68-TYO',
105 silly registry.get     'x-cache': 'HIT',
105 silly registry.get     'x-cache-hits': '3',
105 silly registry.get     'x-timer': 'S1423116832.519026,VS0,VE0',
105 silly registry.get     vary: 'Accept',
105 silly registry.get     'keep-alive': 'timeout=10, max=50',
105 silly registry.get     connection: 'Keep-Alive' } ]
106 silly addNameRange number 2 { name: 'request', range: '>=2.51.0-0 <3.0.0-0', hasData: true }
107 silly addNameRange versions [ 'request',
107 silly addNameRange   [ '0.10.0',
107 silly addNameRange     '0.8.3',
107 silly addNameRange     '0.9.0',
107 silly addNameRange     '0.9.1',
107 silly addNameRange     '0.9.5',
107 silly addNameRange     '1.0.0',
107 silly addNameRange     '1.1.0',
107 silly addNameRange     '1.1.1',
107 silly addNameRange     '1.2.0',
107 silly addNameRange     '1.9.0',
107 silly addNameRange     '1.9.1',
107 silly addNameRange     '1.9.2',
107 silly addNameRange     '1.9.3',
107 silly addNameRange     '1.9.5',
107 silly addNameRange     '1.9.7',
107 silly addNameRange     '1.9.8',
107 silly addNameRange     '1.9.9',
107 silly addNameRange     '2.0.0',
107 silly addNameRange     '2.0.1',
107 silly addNameRange     '2.0.2',
107 silly addNameRange     '2.0.3',
107 silly addNameRange     '2.0.4',
107 silly addNameRange     '2.0.5',
107 silly addNameRange     '2.1.0',
107 silly addNameRange     '2.1.1',
107 silly addNameRange     '2.2.0',
107 silly addNameRange     '2.2.5',
107 silly addNameRange     '2.2.6',
107 silly addNameRange     '2.2.9',
107 silly addNameRange     '2.9.0',
107 silly addNameRange     '2.9.1',
107 silly addNameRange     '2.9.2',
107 silly addNameRange     '2.9.3',
107 silly addNameRange     '2.9.100',
107 silly addNameRange     '2.9.150',
107 silly addNameRange     '2.9.151',
107 silly addNameRange     '2.9.152',
107 silly addNameRange     '2.9.153',
107 silly addNameRange     '2.9.200',
107 silly addNameRange     '2.9.201',
107 silly addNameRange     '2.9.202',
107 silly addNameRange     '2.9.203',
107 silly addNameRange     '2.10.0',
107 silly addNameRange     '2.11.0',
107 silly addNameRange     '2.11.1',
107 silly addNameRange     '2.11.2',
107 silly addNameRange     '2.11.3',
107 silly addNameRange     '2.11.4',
107 silly addNameRange     '2.12.0',
107 silly addNameRange     '2.14.0',
107 silly addNameRange     '2.16.0',
107 silly addNameRange     '2.16.2',
107 silly addNameRange     '2.16.4',
107 silly addNameRange     '2.16.6',
107 silly addNameRange     '2.18.0',
107 silly addNameRange     '2.19.0',
107 silly addNameRange     '2.20.0',
107 silly addNameRange     '2.21.0',
107 silly addNameRange     '2.22.0',
107 silly addNameRange     '2.23.0',
107 silly addNameRange     '2.24.0',
107 silly addNameRange     '2.25.0',
107 silly addNameRange     '2.26.0',
107 silly addNameRange     '2.27.0',
107 silly addNameRange     '2.28.0',
107 silly addNameRange     '2.29.0',
107 silly addNameRange     '2.30.0',
107 silly addNameRange     '2.31.0',
107 silly addNameRange     '2.32.0',
107 silly addNameRange     '2.33.0',
107 silly addNameRange     '2.34.0',
107 silly addNameRange     '2.35.0',
107 silly addNameRange     '2.36.0',
107 silly addNameRange     '2.37.0',
107 silly addNameRange     '2.38.0',
107 silly addNameRange     '2.39.0',
107 silly addNameRange     '2.40.0',
107 silly addNameRange     '2.41.0',
107 silly addNameRange     '2.42.0',
107 silly addNameRange     '2.43.0',
107 silly addNameRange     '2.44.0',
107 silly addNameRange     '2.45.0',
107 silly addNameRange     '2.46.0',
107 silly addNameRange     '2.47.0',
107 silly addNameRange     '2.48.0',
107 silly addNameRange     '2.49.0',
107 silly addNameRange     '2.50.0',
107 silly addNameRange     '2.51.0',
107 silly addNameRange     '2.52.0',
107 silly addNameRange     '2.53.0' ] ]
108 verbose addNamed [ 'request', '2.53.0' ]
109 verbose addNamed [ '2.53.0', '2.53.0' ]
110 silly lockFile aee8052e-request-2-53-0 request@2.53.0
111 verbose lock request@2.53.0 /Users/jiyanliang/.npm/aee8052e-request-2-53-0.lock
112 silly lockFile ba72365e-s-org-request-request-2-53-0-tgz https://registry.npmjs.org/request/-/request-2.53.0.tgz
113 verbose lock https://registry.npmjs.org/request/-/request-2.53.0.tgz /Users/jiyanliang/.npm/ba72365e-s-org-request-request-2-53-0-tgz.lock
114 verbose addRemoteTarball [ 'https://registry.npmjs.org/request/-/request-2.53.0.tgz',
114 verbose addRemoteTarball   '180a3ae92b7b639802e4f9545dd8fcdeb71d760c' ]
115 info retry fetch attempt 1 at 14:13:50
116 verbose fetch to= /var/folders/_q/0y9m_7r12js18ymsj6v15ykc0000gq/T/npm-4424-XINg5Ua9/registry.npmjs.org/request/-/request-2.53.0.tgz
117 http GET https://registry.npmjs.org/request/-/request-2.53.0.tgz
118 http 200 https://registry.npmjs.org/mustache
119 silly registry.get cb [ 200,
119 silly registry.get   { date: 'Thu, 05 Feb 2015 06:13:53 GMT',
119 silly registry.get     server: 'CouchDB/1.5.0 (Erlang OTP/R16B03)',
119 silly registry.get     etag: '"3MDVHN6O7UCJG8S409YLPLJ30"',
119 silly registry.get     'content-type': 'application/json',
119 silly registry.get     'cache-control': 'max-age=60',
119 silly registry.get     'content-length': '29038',
119 silly registry.get     'accept-ranges': 'bytes',
119 silly registry.get     via: '1.1 varnish',
119 silly registry.get     age: '0',
119 silly registry.get     'x-served-by': 'cache-ty68-TYO',
119 silly registry.get     'x-cache': 'HIT',
119 silly registry.get     'x-cache-hits': '1',
119 silly registry.get     'x-timer': 'S1423116833.306140,VS0,VE196',
119 silly registry.get     vary: 'Accept',
119 silly registry.get     'keep-alive': 'timeout=10, max=50',
119 silly registry.get     connection: 'Keep-Alive' } ]
120 silly addNameRange number 2 { name: 'mustache', range: '>=1.0.0-0 <2.0.0-0', hasData: true }
121 silly addNameRange versions [ 'mustache',
121 silly addNameRange   [ '0.3.1-dev',
121 silly addNameRange     '0.4.0',
121 silly addNameRange     '0.5.1-dev',
121 silly addNameRange     '0.5.2',
121 silly addNameRange     '0.6.0',
121 silly addNameRange     '0.7.0',
121 silly addNameRange     '0.7.1',
121 silly addNameRange     '0.7.2',
121 silly addNameRange     '0.7.3',
121 silly addNameRange     '0.8.0',
121 silly addNameRange     '0.8.1',
121 silly addNameRange     '0.8.2',
121 silly addNameRange     '1.0.0' ] ]
122 verbose addNamed [ 'mustache', '1.0.0' ]
123 verbose addNamed [ '1.0.0', '1.0.0' ]
124 silly lockFile c965bf05-mustache-1-0-0 mustache@1.0.0
125 verbose lock mustache@1.0.0 /Users/jiyanliang/.npm/c965bf05-mustache-1-0-0.lock
126 silly lockFile c965bf05-mustache-1-0-0 mustache@1.0.0
127 silly lockFile c965bf05-mustache-1-0-0 mustache@1.0.0
128 silly lockFile 47200959-mustache-1-0-0 mustache@^1.0.0
129 silly lockFile 47200959-mustache-1-0-0 mustache@^1.0.0
130 http 200 https://registry.npmjs.org/request/-/request-2.53.0.tgz
131 silly lockFile ba72365e-s-org-request-request-2-53-0-tgz https://registry.npmjs.org/request/-/request-2.53.0.tgz
132 silly lockFile ba72365e-s-org-request-request-2-53-0-tgz https://registry.npmjs.org/request/-/request-2.53.0.tgz
133 silly lockFile aee8052e-request-2-53-0 request@2.53.0
134 silly lockFile aee8052e-request-2-53-0 request@2.53.0
135 silly lockFile 760a03cb-request-2-51-0 request@^2.51.0
136 silly lockFile 760a03cb-request-2-51-0 request@^2.51.0
137 error Error: EACCES, mkdir '/Users/jiyanliang/.npm/request/2.53.0'
137 error  { [Error: EACCES, mkdir '/Users/jiyanliang/.npm/request/2.53.0']
137 error   errno: 3,
137 error   code: 'EACCES',
137 error   path: '/Users/jiyanliang/.npm/request/2.53.0',
137 error   parent: 'haitao-b2c-web' }
138 error Please try running this command again as root/Administrator.
139 error System Darwin 13.3.0
140 error command "node" "/usr/local/bin/npm" "install"
141 error cwd /Users/jiyanliang/haitao-b2c-h5
142 error node -v v0.10.33
143 error npm -v 1.4.28
144 error path /Users/jiyanliang/.npm/request/2.53.0
145 error code EACCES
146 error errno 3
147 error stack Error: EACCES, mkdir '/Users/jiyanliang/.npm/request/2.53.0'
148 verbose exit [ 3, true ]
